{"/app/server/__tests__/test-setup.js": {"path":"/app/server/__tests__/test-setup.js","statementMap":{"0":{"start":{"line":6,"column":12},"end":{"line":6,"column":21}},"1":{"start":{"line":8,"column":0},"end":{"line":8,"column":15}},"2":{"start":{"line":9,"column":0},"end":{"line":9,"column":23}},"3":{"start":{"line":11,"column":0},"end":{"line":11,"column":40}},"4":{"start":{"line":12,"column":0},"end":{"line":12,"column":42}},"5":{"start":{"line":14,"column":0},"end":{"line":16,"column":2}},"6":{"start":{"line":15,"column":2},"end":{"line":15,"column":28}}},"fnMap":{"0":{"name":"(anonymous_0)","decl":{"start":{"line":14,"column":23},"end":{"line":14,"column":24}},"loc":{"start":{"line":14,"column":37},"end":{"line":16,"column":1}},"line":14}},"branchMap":{},"s":{"0":2,"1":2,"2":2,"3":2,"4":2,"5":2,"6":0},"f":{"0":0},"b":{},"_coverageSchema":"1a1c01bbd47fc00a2c39e90264f33305004495a9","hash":"a9ce5c807238ed959f9bc377fb775588faffd995"}
,"/app/server/db/database.js": {"path":"/app/server/db/database.js","statementMap":{"0":{"start":{"line":5,"column":19},"end":{"line":5,"column":49}},"1":{"start":{"line":6,"column":18},"end":{"line":6,"column":42}},"2":{"start":{"line":8,"column":15},"end":{"line":8,"column":54}},"3":{"start":{"line":9,"column":11},"end":{"line":9,"column":31}},"4":{"start":{"line":11,"column":0},"end":{"line":11,"column":31}},"5":{"start":{"line":14,"column":2},"end":{"line":79,"column":4}},"6":{"start":{"line":82,"column":0},"end":{"line":82,"column":20}}},"fnMap":{"0":{"name":"initializeDatabase","decl":{"start":{"line":13,"column":9},"end":{"line":13,"column":27}},"loc":{"start":{"line":13,"column":30},"end":{"line":80,"column":1}},"line":13}},"branchMap":{},"s":{"0":2,"1":2,"2":2,"3":2,"4":2,"5":2,"6":2},"f":{"0":2},"b":{},"_coverageSchema":"1a1c01bbd47fc00a2c39e90264f33305004495a9","hash":"e620e675056a68a01a6cee3fb03743baf179fae9"}
,"/app/server/routes/clientes.js": {"path":"/app/server/routes/clientes.js","statementMap":{"0":{"start":{"line":5,"column":15},"end":{"line":5,"column":31}},"1":{"start":{"line":7,"column":0},"end":{"line":19,"column":2}},"2":{"start":{"line":8,"column":2},"end":{"line":18,"column":3}},"3":{"start":{"line":9,"column":21},"end":{"line":14,"column":12}},"4":{"start":{"line":15,"column":4},"end":{"line":15,"column":32}},"5":{"start":{"line":17,"column":4},"end":{"line":17,"column":50}},"6":{"start":{"line":21,"column":0},"end":{"line":79,"column":2}},"7":{"start":{"line":22,"column":2},"end":{"line":78,"column":3}},"8":{"start":{"line":23,"column":20},"end":{"line":27,"column":25}},"9":{"start":{"line":29,"column":4},"end":{"line":31,"column":5}},"10":{"start":{"line":30,"column":6},"end":{"line":30,"column":69}},"11":{"start":{"line":33,"column":21},"end":{"line":41,"column":25}},"12":{"start":{"line":43,"column":19},"end":{"line":51,"column":25}},"13":{"start":{"line":53,"column":26},"end":{"line":57,"column":25}},"14":{"start":{"line":59,"column":28},"end":{"line":64,"column":25}},"15":{"start":{"line":66,"column":18},"end":{"line":66,"column":61}},"16":{"start":{"line":68,"column":4},"end":{"line":75,"column":6}},"17":{"start":{"line":77,"column":4},"end":{"line":77,"column":50}},"18":{"start":{"line":81,"column":0},"end":{"line":102,"column":2}},"19":{"start":{"line":82,"column":2},"end":{"line":101,"column":3}},"20":{"start":{"line":83,"column":23},"end":{"line":83,"column":31}},"21":{"start":{"line":85,"column":4},"end":{"line":87,"column":5}},"22":{"start":{"line":86,"column":6},"end":{"line":86,"column":70}},"23":{"start":{"line":89,"column":15},"end":{"line":89,"column":23}},"24":{"start":{"line":90,"column":27},"end":{"line":90,"column":51}},"25":{"start":{"line":92,"column":4},"end":{"line":95,"column":45}},"26":{"start":{"line":97,"column":20},"end":{"line":97,"column":77}},"27":{"start":{"line":98,"column":4},"end":{"line":98,"column":43}},"28":{"start":{"line":100,"column":4},"end":{"line":100,"column":50}},"29":{"start":{"line":104,"column":0},"end":{"line":126,"column":2}},"30":{"start":{"line":105,"column":2},"end":{"line":125,"column":3}},"31":{"start":{"line":106,"column":23},"end":{"line":106,"column":31}},"32":{"start":{"line":108,"column":21},"end":{"line":108,"column":89}},"33":{"start":{"line":109,"column":4},"end":{"line":111,"column":5}},"34":{"start":{"line":110,"column":6},"end":{"line":110,"column":69}},"35":{"start":{"line":113,"column":4},"end":{"line":115,"column":5}},"36":{"start":{"line":114,"column":6},"end":{"line":114,"column":70}},"37":{"start":{"line":117,"column":4},"end":{"line":119,"column":40}},"38":{"start":{"line":121,"column":20},"end":{"line":121,"column":88}},"39":{"start":{"line":122,"column":4},"end":{"line":122,"column":31}},"40":{"start":{"line":124,"column":4},"end":{"line":124,"column":50}}},"fnMap":{"0":{"name":"(anonymous_0)","decl":{"start":{"line":7,"column":16},"end":{"line":7,"column":17}},"loc":{"start":{"line":7,"column":30},"end":{"line":19,"column":1}},"line":7},"1":{"name":"(anonymous_1)","decl":{"start":{"line":21,"column":19},"end":{"line":21,"column":20}},"loc":{"start":{"line":21,"column":33},"end":{"line":79,"column":1}},"line":21},"2":{"name":"(anonymous_2)","decl":{"start":{"line":81,"column":17},"end":{"line":81,"column":18}},"loc":{"start":{"line":81,"column":31},"end":{"line":102,"column":1}},"line":81},"3":{"name":"(anonymous_3)","decl":{"start":{"line":104,"column":19},"end":{"line":104,"column":20}},"loc":{"start":{"line":104,"column":33},"end":{"line":126,"column":1}},"line":104}},"branchMap":{"0":{"loc":{"start":{"line":29,"column":4},"end":{"line":31,"column":5}},"type":"if","locations":[{"start":{"line":29,"column":4},"end":{"line":31,"column":5}},{"start":{},"end":{}}],"line":29},"1":{"loc":{"start":{"line":85,"column":4},"end":{"line":87,"column":5}},"type":"if","locations":[{"start":{"line":85,"column":4},"end":{"line":87,"column":5}},{"start":{},"end":{}}],"line":85},"2":{"loc":{"start":{"line":85,"column":8},"end":{"line":85,"column":39}},"type":"binary-expr","locations":[{"start":{"line":85,"column":8},"end":{"line":85,"column":15}},{"start":{"line":85,"column":19},"end":{"line":85,"column":39}}],"line":85},"3":{"loc":{"start":{"line":109,"column":4},"end":{"line":111,"column":5}},"type":"if","locations":[{"start":{"line":109,"column":4},"end":{"line":111,"column":5}},{"start":{},"end":{}}],"line":109},"4":{"loc":{"start":{"line":113,"column":4},"end":{"line":115,"column":5}},"type":"if","locations":[{"start":{"line":113,"column":4},"end":{"line":115,"column":5}},{"start":{},"end":{}}],"line":113},"5":{"loc":{"start":{"line":113,"column":8},"end":{"line":113,"column":39}},"type":"binary-expr","locations":[{"start":{"line":113,"column":8},"end":{"line":113,"column":15}},{"start":{"line":113,"column":19},"end":{"line":113,"column":39}}],"line":113}},"s":{"0":2,"1":2,"2":2,"3":2,"4":2,"5":0,"6":2,"7":2,"8":2,"9":2,"10":1,"11":1,"12":1,"13":1,"14":1,"15":1,"16":1,"17":0,"18":2,"19":3,"20":3,"21":3,"22":2,"23":1,"24":1,"25":1,"26":1,"27":1,"28":0,"29":2,"30":3,"31":3,"32":3,"33":3,"34":1,"35":2,"36":1,"37":1,"38":1,"39":1,"40":0},"f":{"0":2,"1":2,"2":3,"3":3},"b":{"0":[1,1],"1":[2,1],"2":[3,1],"3":[1,2],"4":[1,1],"5":[2,1]},"_coverageSchema":"1a1c01bbd47fc00a2c39e90264f33305004495a9","hash":"e942d3ab477eb7eadc8da16d827906b24f6cfdf7"}
,"/app/server/routes/productos.js": {"path":"/app/server/routes/productos.js","statementMap":{"0":{"start":{"line":5,"column":15},"end":{"line":5,"column":31}},"1":{"start":{"line":7,"column":0},"end":{"line":19,"column":2}},"2":{"start":{"line":8,"column":2},"end":{"line":18,"column":3}},"3":{"start":{"line":9,"column":22},"end":{"line":14,"column":12}},"4":{"start":{"line":15,"column":4},"end":{"line":15,"column":33}},"5":{"start":{"line":17,"column":4},"end":{"line":17,"column":50}},"6":{"start":{"line":21,"column":0},"end":{"line":37,"column":2}},"7":{"start":{"line":22,"column":2},"end":{"line":36,"column":3}},"8":{"start":{"line":23,"column":21},"end":{"line":27,"column":25}},"9":{"start":{"line":29,"column":4},"end":{"line":31,"column":5}},"10":{"start":{"line":30,"column":6},"end":{"line":30,"column":70}},"11":{"start":{"line":33,"column":4},"end":{"line":33,"column":32}},"12":{"start":{"line":35,"column":4},"end":{"line":35,"column":50}},"13":{"start":{"line":39,"column":0},"end":{"line":60,"column":2}},"14":{"start":{"line":40,"column":2},"end":{"line":59,"column":3}},"15":{"start":{"line":41,"column":36},"end":{"line":41,"column":44}},"16":{"start":{"line":43,"column":4},"end":{"line":45,"column":5}},"17":{"start":{"line":44,"column":6},"end":{"line":44,"column":70}},"18":{"start":{"line":47,"column":15},"end":{"line":47,"column":23}},"19":{"start":{"line":48,"column":27},"end":{"line":48,"column":51}},"20":{"start":{"line":50,"column":4},"end":{"line":53,"column":74}},"21":{"start":{"line":55,"column":21},"end":{"line":55,"column":79}},"22":{"start":{"line":56,"column":4},"end":{"line":56,"column":44}},"23":{"start":{"line":58,"column":4},"end":{"line":58,"column":50}},"24":{"start":{"line":62,"column":0},"end":{"line":84,"column":2}},"25":{"start":{"line":63,"column":2},"end":{"line":83,"column":3}},"26":{"start":{"line":64,"column":36},"end":{"line":64,"column":44}},"27":{"start":{"line":66,"column":21},"end":{"line":66,"column":90}},"28":{"start":{"line":67,"column":4},"end":{"line":69,"column":5}},"29":{"start":{"line":68,"column":6},"end":{"line":68,"column":70}},"30":{"start":{"line":71,"column":4},"end":{"line":73,"column":5}},"31":{"start":{"line":72,"column":6},"end":{"line":72,"column":70}},"32":{"start":{"line":75,"column":4},"end":{"line":77,"column":69}},"33":{"start":{"line":79,"column":21},"end":{"line":79,"column":90}},"34":{"start":{"line":80,"column":4},"end":{"line":80,"column":32}},"35":{"start":{"line":82,"column":4},"end":{"line":82,"column":50}}},"fnMap":{"0":{"name":"(anonymous_0)","decl":{"start":{"line":7,"column":16},"end":{"line":7,"column":17}},"loc":{"start":{"line":7,"column":30},"end":{"line":19,"column":1}},"line":7},"1":{"name":"(anonymous_1)","decl":{"start":{"line":21,"column":19},"end":{"line":21,"column":20}},"loc":{"start":{"line":21,"column":33},"end":{"line":37,"column":1}},"line":21},"2":{"name":"(anonymous_2)","decl":{"start":{"line":39,"column":17},"end":{"line":39,"column":18}},"loc":{"start":{"line":39,"column":31},"end":{"line":60,"column":1}},"line":39},"3":{"name":"(anonymous_3)","decl":{"start":{"line":62,"column":19},"end":{"line":62,"column":20}},"loc":{"start":{"line":62,"column":33},"end":{"line":84,"column":1}},"line":62}},"branchMap":{"0":{"loc":{"start":{"line":29,"column":4},"end":{"line":31,"column":5}},"type":"if","locations":[{"start":{"line":29,"column":4},"end":{"line":31,"column":5}},{"start":{},"end":{}}],"line":29},"1":{"loc":{"start":{"line":43,"column":4},"end":{"line":45,"column":5}},"type":"if","locations":[{"start":{"line":43,"column":4},"end":{"line":45,"column":5}},{"start":{},"end":{}}],"line":43},"2":{"loc":{"start":{"line":43,"column":8},"end":{"line":43,"column":39}},"type":"binary-expr","locations":[{"start":{"line":43,"column":8},"end":{"line":43,"column":15}},{"start":{"line":43,"column":19},"end":{"line":43,"column":39}}],"line":43},"3":{"loc":{"start":{"line":53,"column":30},"end":{"line":53,"column":57}},"type":"binary-expr","locations":[{"start":{"line":53,"column":30},"end":{"line":53,"column":49}},{"start":{"line":53,"column":53},"end":{"line":53,"column":57}}],"line":53},"4":{"loc":{"start":{"line":67,"column":4},"end":{"line":69,"column":5}},"type":"if","locations":[{"start":{"line":67,"column":4},"end":{"line":69,"column":5}},{"start":{},"end":{}}],"line":67},"5":{"loc":{"start":{"line":71,"column":4},"end":{"line":73,"column":5}},"type":"if","locations":[{"start":{"line":71,"column":4},"end":{"line":73,"column":5}},{"start":{},"end":{}}],"line":71},"6":{"loc":{"start":{"line":71,"column":8},"end":{"line":71,"column":39}},"type":"binary-expr","locations":[{"start":{"line":71,"column":8},"end":{"line":71,"column":15}},{"start":{"line":71,"column":19},"end":{"line":71,"column":39}}],"line":71},"7":{"loc":{"start":{"line":77,"column":26},"end":{"line":77,"column":53}},"type":"binary-expr","locations":[{"start":{"line":77,"column":26},"end":{"line":77,"column":45}},{"start":{"line":77,"column":49},"end":{"line":77,"column":53}}],"line":77}},"s":{"0":2,"1":2,"2":2,"3":2,"4":2,"5":0,"6":2,"7":2,"8":2,"9":2,"10":1,"11":1,"12":0,"13":2,"14":2,"15":2,"16":2,"17":1,"18":1,"19":1,"20":1,"21":1,"22":1,"23":0,"24":2,"25":2,"26":2,"27":2,"28":2,"29":0,"30":2,"31":1,"32":1,"33":1,"34":1,"35":0},"f":{"0":2,"1":2,"2":2,"3":2},"b":{"0":[1,1],"1":[1,1],"2":[2,1],"3":[1,0],"4":[0,2],"5":[1,1],"6":[2,1],"7":[1,0]},"_coverageSchema":"1a1c01bbd47fc00a2c39e90264f33305004495a9","hash":"0b8bd356f59b05ec7e6a5f152c63ddf60d5db5e8"}
}
