TN:
SF:__tests__/test-setup.js
FN:14,(anonymous_0)
FNF:1
FNH:0
FNDA:0,(anonymous_0)
DA:6,2
DA:8,2
DA:9,2
DA:11,2
DA:12,2
DA:14,2
DA:15,0
LF:7
LH:6
BRF:0
BRH:0
end_of_record
TN:
SF:db/database.js
FN:13,initializeDatabase
FNF:1
FNH:1
FNDA:2,initializeDatabase
DA:5,2
DA:6,2
DA:8,2
DA:9,2
DA:11,2
DA:14,2
DA:82,2
LF:7
LH:7
BRF:0
BRH:0
end_of_record
TN:
SF:routes/clientes.js
FN:7,(anonymous_0)
FN:21,(anonymous_1)
FN:81,(anonymous_2)
FN:104,(anonymous_3)
FNF:4
FNH:4
FNDA:2,(anonymous_0)
FNDA:2,(anonymous_1)
FNDA:3,(anonymous_2)
FNDA:3,(anonymous_3)
DA:5,2
DA:7,2
DA:8,2
DA:9,2
DA:15,2
DA:17,0
DA:21,2
DA:22,2
DA:23,2
DA:29,2
DA:30,1
DA:33,1
DA:43,1
DA:53,1
DA:59,1
DA:66,1
DA:68,1
DA:77,0
DA:81,2
DA:82,3
DA:83,3
DA:85,3
DA:86,2
DA:89,1
DA:90,1
DA:92,1
DA:97,1
DA:98,1
DA:100,0
DA:104,2
DA:105,3
DA:106,3
DA:108,3
DA:109,3
DA:110,1
DA:113,2
DA:114,1
DA:117,1
DA:121,1
DA:122,1
DA:124,0
LF:41
LH:37
BRDA:29,0,0,1
BRDA:29,0,1,1
BRDA:85,1,0,2
BRDA:85,1,1,1
BRDA:85,2,0,3
BRDA:85,2,1,1
BRDA:109,3,0,1
BRDA:109,3,1,2
BRDA:113,4,0,1
BRDA:113,4,1,1
BRDA:113,5,0,2
BRDA:113,5,1,1
BRF:12
BRH:12
end_of_record
TN:
SF:routes/productos.js
FN:7,(anonymous_0)
FN:21,(anonymous_1)
FN:39,(anonymous_2)
FN:62,(anonymous_3)
FNF:4
FNH:4
FNDA:2,(anonymous_0)
FNDA:2,(anonymous_1)
FNDA:2,(anonymous_2)
FNDA:2,(anonymous_3)
DA:5,2
DA:7,2
DA:8,2
DA:9,2
DA:15,2
DA:17,0
DA:21,2
DA:22,2
DA:23,2
DA:29,2
DA:30,1
DA:33,1
DA:35,0
DA:39,2
DA:40,2
DA:41,2
DA:43,2
DA:44,1
DA:47,1
DA:48,1
DA:50,1
DA:55,1
DA:56,1
DA:58,0
DA:62,2
DA:63,2
DA:64,2
DA:66,2
DA:67,2
DA:68,0
DA:71,2
DA:72,1
DA:75,1
DA:79,1
DA:80,1
DA:82,0
LF:36
LH:31
BRDA:29,0,0,1
BRDA:29,0,1,1
BRDA:43,1,0,1
BRDA:43,1,1,1
BRDA:43,2,0,2
BRDA:43,2,1,1
BRDA:53,3,0,1
BRDA:53,3,1,0
BRDA:67,4,0,0
BRDA:67,4,1,2
BRDA:71,5,0,1
BRDA:71,5,1,1
BRDA:71,6,0,2
BRDA:71,6,1,1
BRDA:77,7,0,1
BRDA:77,7,1,0
BRF:16
BRH:13
end_of_record
